<?xml version="1.0" encoding="UTF-8"?>
<!-- Generated by org.testng.reporters.JUnitReportReporter -->
<testsuite hostname="WIN-R6QNSEN5OV6" name="testsanity.yarn.Test_yarncheck" tests="1" failures="0" timestamp="5 Nov 2018 05:53:41 GMT" time="40.571" errors="0">
  <testcase name="devYarn" time="40.571" classname="testsanity.yarn.Test_yarncheck"/>
</testsuite> <!-- testsanity.yarn.Test_yarncheck -->
