<?xml version="1.0" encoding="UTF-8"?>
<!-- Generated by org.testng.reporters.JUnitReportReporter -->
<testsuite hostname="WIN-R6QNSEN5OV6" name="testsanity.emplogin.Test_employee_login" tests="1" failures="0" timestamp="5 Nov 2018 05:53:41 GMT" time="144.924" errors="0">
  <testcase name="testEmpLogin" time="144.924" classname="testsanity.emplogin.Test_employee_login"/>
</testsuite> <!-- testsanity.emplogin.Test_employee_login -->
